2023/12/08 02:44:27 [OK] MSAMaker\plechi_ch2021_mount1\combo.gr2
2023/12/08 02:44:27 [OK] MSAMaker\plechi_ch2021_mount1\damage.gr2
2023/12/08 02:44:27 [OK] MSAMaker\plechi_ch2021_mount1\dead.gr2
2023/12/08 02:44:27 [IGNORE - MODEL FILE(NO Animation)] MSAMaker\plechi_ch2021_mount1\plechi_ch2021_mount1.gr2
2023/12/08 02:44:27 [OK] MSAMaker\plechi_ch2021_mount1\run.gr2
2023/12/08 02:44:27 [OK] MSAMaker\plechi_ch2021_mount1\stay00.gr2
2023/12/08 02:44:27 [OK] MSAMaker\plechi_ch2021_mount1\stay01.gr2
2023/12/08 02:44:27 [OK] MSAMaker\plechi_ch2021_mount1\stay02.gr2
2023/12/08 05:06:57 [OK] MSAMaker\plechi_ch2021_mount2\combo.gr2
2023/12/08 05:06:57 [OK] MSAMaker\plechi_ch2021_mount2\damage.gr2
2023/12/08 05:06:57 [OK] MSAMaker\plechi_ch2021_mount2\dead.gr2
2023/12/08 05:06:57 [IGNORE - MODEL FILE(NO Animation)] MSAMaker\plechi_ch2021_mount2\plechi_ch2021_mount2.gr2
2023/12/08 05:06:57 [OK] MSAMaker\plechi_ch2021_mount2\run.gr2
2023/12/08 05:06:57 [OK] MSAMaker\plechi_ch2021_mount2\stay00.gr2
2023/12/08 05:06:57 [OK] MSAMaker\plechi_ch2021_mount2\stay01.gr2
2023/12/08 05:06:57 [OK] MSAMaker\plechi_ch2021_mount2\stay02.gr2
2023/12/08 05:07:08 [IGNORE - MODEL FILE(NO Animation)] MSAMaker\christmas_pet_2023_1\christmas_pet_2023_1.gr2
2023/12/08 05:07:08 [OK] MSAMaker\christmas_pet_2023_1\run.gr2
2023/12/08 05:07:08 [OK] MSAMaker\christmas_pet_2023_1\wait.gr2
2023/12/08 05:37:38 [IGNORE - MODEL FILE(NO Animation)] MSAMaker\plechi_ch2021_pet5\plechi_ch2021_pet5.gr2
2023/12/08 05:37:38 [OK] MSAMaker\plechi_ch2021_pet5\run.gr2
2023/12/08 05:37:38 [OK] MSAMaker\plechi_ch2021_pet5\stay00.gr2
2023/12/08 05:37:38 [OK] MSAMaker\plechi_ch2021_pet5\stay01.gr2
2023/12/08 05:37:38 [OK] MSAMaker\plechi_ch2021_pet5\stay02.gr2
2023/12/08 05:37:38 [OK] MSAMaker\plechi_ch2021_pet5\walk.gr2
2023/12/14 01:47:12 [OK] MSAMaker\plechi_ch2021_stone1\destroy.gr2
2023/12/14 01:47:12 [IGNORE - MODEL FILE(NO Animation)] MSAMaker\plechi_ch2021_stone1\plechi_ch2021_stone1.gr2
2023/12/14 01:47:12 [OK] MSAMaker\plechi_ch2021_stone1\spawn.gr2
2023/12/14 01:47:12 [OK] MSAMaker\plechi_ch2021_stone1\stay00.gr2
