2023/02/14 19:30:56 [OK] MSAMaker\plechi_v2022_mount2\damage.gr2
2023/02/14 19:30:56 [OK] MSAMaker\plechi_v2022_mount2\dead.gr2
2023/02/14 19:30:56 [IGNORE - MODEL FILE(NO Animation)] MSAMaker\plechi_v2022_mount2\plechi_v2022_mount2.gr2
2023/02/14 19:30:56 [OK] MSAMaker\plechi_v2022_mount2\run.gr2
2023/02/14 19:30:56 [OK] MSAMaker\plechi_v2022_mount2\stay00.gr2
2023/02/14 19:30:56 [OK] MSAMaker\plechi_v2022_mount2\stay01.gr2
2023/02/14 19:30:56 [OK] MSAMaker\plechi_v2022_mount2\stay02.gr2
2023/02/14 19:31:11 [OK] MSAMaker\plechi_v2022_mount2\damage.gr2
2023/02/14 19:31:11 [OK] MSAMaker\plechi_v2022_mount2\dead.gr2
2023/02/14 19:31:11 [IGNORE - MODEL FILE(NO Animation)] MSAMaker\plechi_v2022_mount2\plechi_v2022_mount2.gr2
2023/02/14 19:31:11 [OK] MSAMaker\plechi_v2022_mount2\run.gr2
2023/02/14 19:31:11 [OK] MSAMaker\plechi_v2022_mount2\stay00.gr2
2023/02/14 19:31:11 [OK] MSAMaker\plechi_v2022_mount2\stay01.gr2
2023/02/14 19:31:11 [OK] MSAMaker\plechi_v2022_mount2\stay02.gr2
2023/02/14 19:43:43 [IGNORE - MODEL FILE(NO Animation)] MSAMaker\plechi_valentine2022_pet1\plechi_valentine2022_pet1.gr2
2023/02/14 19:43:43 [OK] MSAMaker\plechi_valentine2022_pet1\run.gr2
2023/02/14 19:43:43 [OK] MSAMaker\plechi_valentine2022_pet1\stay00.gr2
2023/02/14 19:43:43 [OK] MSAMaker\plechi_valentine2022_pet1\stay01.gr2
2023/02/14 19:43:43 [OK] MSAMaker\plechi_valentine2022_pet1\stay02.gr2
2023/02/14 19:43:43 [OK] MSAMaker\plechi_valentine2022_pet1\walk.gr2
2023/04/12 01:18:39 [OK] MSAMaker\plechi_easter2020_mount2\attack.gr2
2023/04/12 01:18:39 [OK] MSAMaker\plechi_easter2020_mount2\damage.gr2
2023/04/12 01:18:39 [OK] MSAMaker\plechi_easter2020_mount2\dead.gr2
2023/04/12 01:18:39 [IGNORE - MODEL FILE(NO Animation)] MSAMaker\plechi_easter2020_mount2\plechi_easter2020_mount2.gr2
2023/04/12 01:18:39 [OK] MSAMaker\plechi_easter2020_mount2\run.gr2
2023/04/12 01:18:39 [OK] MSAMaker\plechi_easter2020_mount2\stay00.gr2
2023/04/12 01:18:39 [OK] MSAMaker\plechi_easter2020_mount2\stay01.gr2
2023/04/12 01:18:39 [OK] MSAMaker\plechi_easter2020_mount2\stay02.gr2
2023/04/12 01:18:39 [OK] MSAMaker\plechi_easter2020_mount2\walk.gr2
2023/04/12 01:19:02 [OK] MSAMaker\plechi_easter2020_mount2\attack.gr2
2023/04/12 01:19:02 [OK] MSAMaker\plechi_easter2020_mount2\damage.gr2
2023/04/12 01:19:02 [OK] MSAMaker\plechi_easter2020_mount2\dead.gr2
2023/04/12 01:19:03 [IGNORE - MODEL FILE(NO Animation)] MSAMaker\plechi_easter2020_mount2\plechi_easter2020_mount2.gr2
2023/04/12 01:19:03 [OK] MSAMaker\plechi_easter2020_mount2\run.gr2
2023/04/12 01:19:03 [OK] MSAMaker\plechi_easter2020_mount2\stay00.gr2
2023/04/12 01:19:03 [OK] MSAMaker\plechi_easter2020_mount2\stay01.gr2
2023/04/12 01:19:03 [OK] MSAMaker\plechi_easter2020_mount2\stay02.gr2
2023/04/12 01:19:03 [OK] MSAMaker\plechi_easter2020_mount2\walk.gr2
2023/04/12 01:19:32 [OK] MSAMaker\plechi_easter2020_mount2\attack.gr2
2023/04/12 01:19:32 [OK] MSAMaker\plechi_easter2020_mount2\damage.gr2
2023/04/12 01:19:32 [OK] MSAMaker\plechi_easter2020_mount2\dead.gr2
2023/04/12 01:19:32 [IGNORE - MODEL FILE(NO Animation)] MSAMaker\plechi_easter2020_mount2\plechi_easter2020_mount2.gr2
2023/04/12 01:19:32 [OK] MSAMaker\plechi_easter2020_mount2\run.gr2
2023/04/12 01:19:32 [OK] MSAMaker\plechi_easter2020_mount2\stay00.gr2
2023/04/12 01:19:32 [OK] MSAMaker\plechi_easter2020_mount2\stay01.gr2
2023/04/12 01:19:32 [OK] MSAMaker\plechi_easter2020_mount2\stay02.gr2
2023/04/12 01:19:32 [OK] MSAMaker\plechi_easter2020_mount2\walk.gr2
2023/04/12 01:19:45 [IGNORE - MODEL FILE(NO Animation)] MSAMaker\plechi_easter2020_pet1\plechi_easter2020_pet1.gr2
2023/04/12 01:19:45 [OK] MSAMaker\plechi_easter2020_pet1\run.gr2
2023/04/12 01:19:45 [OK] MSAMaker\plechi_easter2020_pet1\stay00.gr2
2023/04/12 01:19:45 [OK] MSAMaker\plechi_easter2020_pet1\stay01.gr2
2023/04/12 01:19:45 [OK] MSAMaker\plechi_easter2020_pet1\stay02.gr2
2023/04/12 01:19:45 [OK] MSAMaker\plechi_easter2020_pet1\walk.gr2
2023/04/12 01:20:07 [OK] MSAMaker\plechi_easter2022_mount2\damage.gr2
2023/04/12 01:20:07 [OK] MSAMaker\plechi_easter2022_mount2\dead.gr2
2023/04/12 01:20:07 [IGNORE - MODEL FILE(NO Animation)] MSAMaker\plechi_easter2022_mount2\plechi_easter2022_mount2.gr2
2023/04/12 01:20:07 [OK] MSAMaker\plechi_easter2022_mount2\run.gr2
2023/04/12 01:20:07 [OK] MSAMaker\plechi_easter2022_mount2\stay00.gr2
2023/04/12 01:20:07 [OK] MSAMaker\plechi_easter2022_mount2\stay01.gr2
2023/04/12 01:20:07 [OK] MSAMaker\plechi_easter2022_mount2\stay02.gr2
2023/04/12 01:20:53 [IGNORE - MODEL FILE(NO Animation)] MSAMaker\plechi_easter2022_pet4\plechi_easter2022_pet4.gr2
2023/04/12 01:20:53 [OK] MSAMaker\plechi_easter2022_pet4\run.gr2
2023/04/12 01:20:53 [OK] MSAMaker\plechi_easter2022_pet4\stay00.gr2
2023/04/12 01:20:53 [OK] MSAMaker\plechi_easter2022_pet4\stay01.gr2
2023/04/12 01:20:53 [OK] MSAMaker\plechi_easter2022_pet4\stay02.gr2
2023/04/12 01:20:53 [OK] MSAMaker\plechi_easter2022_pet4\walk.gr2
2023/10/19 05:47:36 [OK] MSAMaker\plechi_h2021_mount2\combo.gr2
2023/10/19 05:47:36 [OK] MSAMaker\plechi_h2021_mount2\damage.gr2
2023/10/19 05:47:36 [OK] MSAMaker\plechi_h2021_mount2\dead.gr2
2023/10/19 05:47:36 [IGNORE - MODEL FILE(NO Animation)] MSAMaker\plechi_h2021_mount2\plechi_h2021_mount2.gr2
2023/10/19 05:47:36 [OK] MSAMaker\plechi_h2021_mount2\run.gr2
2023/10/19 05:47:36 [OK] MSAMaker\plechi_h2021_mount2\stay00.gr2
2023/10/19 05:47:36 [OK] MSAMaker\plechi_h2021_mount2\stay01.gr2
2023/10/19 05:47:36 [OK] MSAMaker\plechi_h2021_mount2\stay02.gr2
2023/10/19 05:47:36 [OK] MSAMaker\plechi_h2021_mount2\walk.gr2
2023/11/09 22:42:44 [IGNORE - MODEL FILE(NO Animation)] MSAMaker\ridack_scropet\ridack_scropet.gr2
2023/11/09 22:42:44 [OK] MSAMaker\ridack_scropet\run.gr2
2023/11/09 22:42:44 [OK] MSAMaker\ridack_scropet\wait.gr2
2023/11/09 22:42:44 [OK] MSAMaker\ridack_scropet\wait1.gr2
2023/11/24 20:57:04 [FAIL - Can't find model file] tools\MSAMaker\attack.gr2
2023/11/24 20:57:07 [FAIL - Can't find model file] tools\MSAMaker\attack_1.gr2
2023/11/24 20:57:09 [FAIL - Can't find model file] tools\MSAMaker\attack_2.gr2
2023/11/24 20:57:25 [FAIL - Can't find model file] MSAMaker\bow\attack.gr2
2023/11/24 20:57:25 [FAIL - Can't find model file] MSAMaker\bow\attack_1.gr2
2023/11/24 20:57:25 [FAIL - Can't find model file] MSAMaker\bow\attack_2.gr2
